<?xml version="1.0" encoding="UTF-8"?>
<!-- Generated by org.testng.reporters.JUnitReportReporter -->
<testsuite hostname="DESKTOP-B5SU5KF" failures="0" tests="3" name="ParallelExecution" time="0.024" errors="0" timestamp="2022-05-29T19:24:49 IST" skipped="0">
  <testcase classname="ParallelExecution" name="test12" time="0.005"/>
  <system-out/>
  <testcase classname="ParallelExecution" name="test13" time="0.003"/>
  <system-out/>
  <testcase classname="ParallelExecution" name="test1" time="0.016"/>
  <system-out/>
</testsuite> <!-- ParallelExecution -->
