<?xml version="1.0" encoding="UTF-8"?>
<!-- Generated by org.testng.reporters.JUnitReportReporter -->
<testsuite hostname="Raksha" failures="0" tests="1" name="com.crm.practice.PracticeTest5" time="0.012" errors="0" timestamp="2022-04-06T05:09:34 PDT" skipped="0">
  <testcase classname="com.crm.practice.PracticeTest5" name="C1" time="0.012"/>
  <system-out/>
</testsuite> <!-- com.crm.practice.PracticeTest5 -->
