<?xml version="1.0" encoding="UTF-8"?>
<!-- Generated by org.testng.reporters.JUnitReportReporter -->
<testsuite hostname="DESKTOP-B5SU5KF" failures="0" tests="1" name="com.crm.lead.CreateLeadTest" time="67.530" errors="0" timestamp="2022-04-13T10:14:18 IST" skipped="0">
  <testcase classname="com.crm.lead.CreateLeadTest" name="createLeadTest" time="67.530"/>
  <system-out/>
</testsuite> <!-- com.crm.lead.CreateLeadTest -->
