<?xml version="1.0" encoding="UTF-8"?>
<!-- Generated by org.testng.reporters.JUnitReportReporter -->
<testsuite hostname="Raksha" failures="0" tests="4" name="com.crm.practice.PracticeTest4" time="0.028" errors="0" timestamp="2022-04-06T04:38:48 PDT" skipped="0">
  <testcase classname="com.crm.practice.PracticeTest4" name="a1" time="0.012"/>
  <system-out/>
  <testcase classname="com.crm.practice.PracticeTest4" name="b2" time="0.007"/>
  <system-out/>
  <testcase classname="com.crm.practice.PracticeTest4" name="d4" time="0.007"/>
  <system-out/>
  <testcase classname="com.crm.practice.PracticeTest4" name="c3" time="0.002"/>
  <system-out/>
</testsuite> <!-- com.crm.practice.PracticeTest4 -->
