<?xml version="1.0" encoding="UTF-8"?>
<!-- Generated by org.testng.reporters.JUnitReportReporter -->
<testsuite hostname="Raksha" failures="0" tests="1" name="com.crm.organization.CreateOrganizationTest" time="40.939" errors="0" timestamp="2022-04-08T09:51:49 PDT" skipped="0">
  <testcase classname="com.crm.organization.CreateOrganizationTest" name="createOrganizationTest" time="40.939"/>
  <system-out>
    <![CDATA[Organization created Successfully]]>
  </system-out>
</testsuite> <!-- com.crm.organization.CreateOrganizationTest -->
