<?xml version="1.0" encoding="UTF-8"?>
<!-- Generated by org.testng.reporters.JUnitReportReporter -->
<testsuite hostname="DESKTOP-B5SU5KF" failures="0" tests="3" name="ParallelExecution2" time="0.018" errors="0" timestamp="2022-05-29T19:25:10 IST" skipped="0">
  <testcase classname="ParallelExecution2" name="test21" time="0.003"/>
  <system-out/>
  <testcase classname="ParallelExecution2" name="test31" time="0.003"/>
  <system-out/>
  <testcase classname="ParallelExecution2" name="test2" time="0.012"/>
  <system-out/>
</testsuite> <!-- ParallelExecution2 -->
