<?xml version="1.0" encoding="UTF-8"?>
<!-- Generated by org.testng.reporters.JUnitReportReporter -->
<testsuite hostname="DESKTOP-B5SU5KF" failures="0" tests="2" name="ParallelExecution3" time="0.018" errors="0" timestamp="2022-05-29T19:44:50 IST" skipped="0">
  <testcase classname="ParallelExecution3" name="test31" time="0.003"/>
  <system-out/>
  <testcase classname="ParallelExecution3" name="test3" time="0.015"/>
  <system-out/>
</testsuite> <!-- ParallelExecution3 -->
