<?xml version="1.0" encoding="UTF-8"?>
<!-- Generated by org.testng.reporters.JUnitReportReporter -->
<testsuite hostname="Raksha" failures="0" tests="2" name="com.crm.practice.PracticeTest2" time="0.015" errors="0" timestamp="2022-04-06T03:57:18 PDT" skipped="0">
  <testcase classname="com.crm.practice.PracticeTest2" name="demo2" time="0.009"/>
  <system-out>
    <![CDATA[testyantra2]]>
  </system-out>
  <testcase classname="com.crm.practice.PracticeTest2" name="test1" time="0.006"/>
  <system-out>
    <![CDATA[testyantra1]]>
  </system-out>
</testsuite> <!-- com.crm.practice.PracticeTest2 -->
