<?xml version="1.0" encoding="UTF-8"?>
<!-- Generated by org.testng.reporters.JUnitReportReporter -->
<testsuite hostname="Raksha" failures="0" tests="2" name="com.crm.practice.PracticeTest" time="0.009" errors="0" timestamp="2022-04-06T03:36:37 PDT" skipped="0">
  <testcase classname="com.crm.practice.PracticeTest" name="deekshaTest" time="0.003"/>
  <system-out>
    <![CDATA[Bye]]>
  </system-out>
  <testcase classname="com.crm.practice.PracticeTest" name="rakshaTest" time="0.006"/>
  <system-out>
    <![CDATA[Hi]]>
  </system-out>
</testsuite> <!-- com.crm.practice.PracticeTest -->
