<?xml version="1.0" encoding="UTF-8"?>
<!-- Generated by org.testng.reporters.JUnitReportReporter -->
<testsuite hostname="Raksha" failures="0" tests="2" name="com.crm.practice.PracticeTestNg" time="0.108" errors="0" timestamp="2022-04-05T02:44:53 PDT" skipped="0">
  <testcase classname="com.crm.practice.PracticeTestNg" name="deeksha" time="0.103"/>
  <system-out>
    <![CDATA[Bye]]>
  </system-out>
  <testcase classname="com.crm.practice.PracticeTestNg" name="raksha" time="0.005"/>
  <system-out>
    <![CDATA[Hi]]>
  </system-out>
</testsuite> <!-- com.crm.practice.PracticeTestNg -->
