<?xml version="1.0" encoding="UTF-8"?>
<!-- Generated by org.testng.reporters.JUnitReportReporter -->
<testsuite skipped="0" hostname="Raksha" name="com.crm.contacts.CreateContactTest" tests="1" failures="0" timestamp="12 Apr 2022 08:08:30 GMT" time="155.886" errors="0">
  <testcase name="createContactTest" time="155.886" classname="com.crm.contacts.CreateContactTest"/>
</testsuite> <!-- com.crm.contacts.CreateContactTest -->
