<?xml version="1.0" encoding="UTF-8"?>
<!-- Generated by org.testng.reporters.JUnitReportReporter -->
<testsuite skipped="0" hostname="Raksha" name="com.crm.lead.CreateLeadTest" tests="1" failures="0" timestamp="12 Apr 2022 08:08:30 GMT" time="58.140" errors="0">
  <testcase name="createLeadTest" time="58.140" classname="com.crm.lead.CreateLeadTest"/>
</testsuite> <!-- com.crm.lead.CreateLeadTest -->
