<?xml version="1.0" encoding="UTF-8"?>
<!-- Generated by org.testng.reporters.JUnitReportReporter -->
<testsuite skipped="0" hostname="Raksha" name="com.crm.practice.PracticeTest" tests="2" failures="0" timestamp="12 Apr 2022 08:08:30 GMT" time="0.002" errors="0">
  <testcase name="deekshaTest" time="0.001" classname="com.crm.practice.PracticeTest"/>
  <testcase name="rakshaTest" time="0.001" classname="com.crm.practice.PracticeTest"/>
</testsuite> <!-- com.crm.practice.PracticeTest -->
