<?xml version="1.0" encoding="UTF-8"?>
<!-- Generated by org.testng.reporters.JUnitReportReporter -->
<testsuite skipped="0" hostname="Raksha" name="com.crm.organization.CreateOrganizationTest" tests="1" failures="0" timestamp="12 Apr 2022 08:08:30 GMT" time="44.532" errors="0">
  <testcase name="createOrganizationTest" time="44.532" classname="com.crm.organization.CreateOrganizationTest"/>
</testsuite> <!-- com.crm.organization.CreateOrganizationTest -->
